
Processing test.c...
nSignal_init = 120200
[#1] INFO:DataHandling -- RooDataHist::adjustBinning(signalHistogram): fit range of variable x expanded to nearest bin boundaries: [200,650] --> [200,650]
[#0] WARNING:InputArguments -- RooAbsPdf::fitTo(signal) WARNING: a likelihood fit is request of what appears to be weighted data. 
       While the estimated values of the parameters will always be calculated taking the weights into account, 
       there are multiple ways to estimate the errors on these parameter values. You are advised to make an 
       explicit choice on the error calculation: 
           - Either provide SumW2Error(kTRUE), to calculate a sum-of-weights corrected HESSE error matrix 
             (error will be proportional to the number of events)
           - Or provide SumW2Error(kFALSE), to return errors from original HESSE error matrix
             (which will be proportional to the sum of the weights)
       If you want the errors to reflect the information contained in the provided dataset, choose kTRUE. 
       If you want the errors to reflect the precision you would be able to obtain with an unweighted dataset 
       with 'sum-of-weights' events, choose kFALSE.
[#1] INFO:Eval -- RooRealVar::setRange(x) new range named 'fit' created with bounds [300,550]
[#1] INFO:Fitting -- RooAbsOptTestStatistic::ctor(nll_signal_signalHistogram) constructing test statistic for sub-range named fit
[#1] INFO:Eval -- RooRealVar::setRange(x) new range named 'NormalizationRangeForfit' created with bounds [200,650]
[#1] INFO:Eval -- RooRealVar::setRange(x) new range named 'fit_nll_signal_signalHistogram' created with bounds [300,550]
[#1] INFO:Fitting -- RooAbsOptTestStatistic::ctor(nll_signal_signalHistogram) fixing interpretation of coefficients of any RooAddPdf to full domain of observables 
[#1] INFO:NumericIntegration -- RooRealIntegral::init(signal_Int[x]) using numeric integrator RooIntegrator1D to calculate Int(x)
[#1] INFO:Minization -- RooMinuit::optimizeConst: activating const optimization
 **********
 **   13 **MIGRAD        2000           1
 **********
 FIRST CALL TO USER FUNCTION AT NEW START POINT, WITH IFLAG=4.
 START MIGRAD MINIMIZATION.  STRATEGY  1.  CONVERGENCE WHEN EDM .LT. 1.00e-03
 FCN=1980.65 FROM MIGRAD    STATUS=INITIATE       51 CALLS          52 TOTAL
                     EDM= unknown      STRATEGY= 1      NO ERROR MATRIX       
  EXT PARAMETER               CURRENT GUESS       STEP         FIRST   
  NO.   NAME      VALUE            ERROR          SIZE      DERIVATIVE 
   1  sg_p0        3.95000e+02   5.00000e+00   0.00000e+00   5.04733e+01
   2  sg_p1        1.75000e+01   2.50000e+00   0.00000e+00   8.33959e+00
   3  sg_p2        6.68200e-01   5.00000e-01   0.00000e+00  -1.20662e+02
   4  sg_p3        1.37535e+00   7.00000e-01  -6.52335e-01   3.54120e+00
                               ERR DEF= 0.5
 MIGRAD MINIMIZATION HAS CONVERGED.
 MIGRAD WILL VERIFY CONVERGENCE AND ERROR MATRIX.
 COVARIANCE MATRIX CALCULATED SUCCESSFULLY
 FCN=1970.26 FROM MIGRAD    STATUS=CONVERGED     196 CALLS         197 TOTAL
                     EDM=6.228e-07    STRATEGY= 1      ERROR MATRIX ACCURATE 
  EXT PARAMETER                                   STEP         FIRST   
  NO.   NAME      VALUE            ERROR          SIZE      DERIVATIVE 
   1  sg_p0        3.95293e+02   1.23232e+00   1.37076e-03  -1.23706e-02
   2  sg_p1        2.10706e+01   9.85599e-01   2.09136e-03   8.46049e-03
   3  sg_p2        1.06003e+00   1.01348e-01   1.23010e-03  -6.86346e-03
   4  sg_p3        2.42853e+00   6.64277e-01   6.09212e-03  -1.00670e-03
                               ERR DEF= 0.5
 EXTERNAL ERROR MATRIX.    NDIM=  25    NPAR=  4    ERR DEF=0.5
  1.520e+00  3.819e-01  4.996e-02 -9.734e-03 
  3.819e-01  9.736e-01  5.348e-02  1.064e-01 
  4.996e-02  5.348e-02  1.028e-02  5.470e-03 
 -9.734e-03  1.064e-01  5.470e-03  4.472e-01 
 PARAMETER  CORRELATION COEFFICIENTS  
       NO.  GLOBAL      1      2      3      4
        1  0.42144   1.000  0.314  0.400 -0.012
        2  0.55955   0.314  1.000  0.535  0.161
        3  0.58783   0.400  0.535  1.000  0.081
        4  0.17456  -0.012  0.161  0.081  1.000
 **********
 **   18 **HESSE        2000
 **********
 COVARIANCE MATRIX CALCULATED SUCCESSFULLY
 FCN=1970.26 FROM HESSE     STATUS=OK             23 CALLS         220 TOTAL
                     EDM=6.22314e-07    STRATEGY= 1      ERROR MATRIX ACCURATE 
  EXT PARAMETER                                INTERNAL      INTERNAL  
  NO.   NAME      VALUE            ERROR       STEP SIZE       VALUE   
   1  sg_p0        3.95293e+02   1.23274e+00   2.74152e-04   1.17363e-02
   2  sg_p1        2.10706e+01   9.87277e-01   8.36546e-05   2.89686e-01
   3  sg_p2        1.06003e+00   1.01471e-01   4.92040e-05  -6.13813e-01
   4  sg_p3        2.42853e+00   6.65086e-01   2.43685e-04  -3.11130e-01
                               ERR DEF= 0.5
 EXTERNAL ERROR MATRIX.    NDIM=  25    NPAR=  4    ERR DEF=0.5
  1.521e+00  3.827e-01  5.012e-02 -9.944e-03 
  3.827e-01  9.769e-01  5.378e-02  1.105e-01 
  5.012e-02  5.378e-02  1.030e-02  5.694e-03 
 -9.944e-03  1.105e-01  5.694e-03  4.483e-01 
 PARAMETER  CORRELATION COEFFICIENTS  
       NO.  GLOBAL      1      2      3      4
        1  0.42211   1.000  0.314  0.400 -0.012
        2  0.56163   0.314  1.000  0.536  0.167
        3  0.58918   0.400  0.536  1.000  0.084
        4  0.18076  -0.012  0.167  0.084  1.000
[#1] INFO:Minization -- RooMinuit::optimizeConst: deactivating const optimization
400
395.293 +- 1.23274
21.0706 +- 0.987277
[#1] INFO:InputArguments -- RooAbsData::plotOn(signalHistogram) INFO: dataset has non-integer weights, auto-selecting SumW2 errors instead of Poisson errors
[#1] INFO:Plotting -- RooAbsPdf::plotOn(signal) p.d.f was fitted in range and no explicit plot,norm range was specified, using fit range as default
[#1] INFO:Plotting -- RooAbsPdf::plotOn(signal) only plotting range 'fit_nll_signal_signalHistogram'
[#1] INFO:Plotting -- RooAbsPdf::plotOn(signal) p.d.f. curve is normalized using explicit choice of ranges 'fit_nll_signal_signalHistogram'
[#1] INFO:NumericIntegration -- RooRealIntegral::init(signal_Int[x]) using numeric integrator RooIntegrator1D to calculate Int(x)
[#1] INFO:NumericIntegration -- RooRealIntegral::init(signal_Int[x|fit_nll_signal_signalHistogram]_Norm[x]) using numeric integrator RooIntegrator1D to calculate Int(x)
[#1] INFO:ObjectHandling -- RooWorkspace::import(HbbHbb) importing ExpGaussExp::signal_fixed
[#1] INFO:ObjectHandling -- RooWorkspace::import(HbbHbb) importing RooRealVar::x
[#1] INFO:ObjectHandling -- RooWorkspace::import(HbbHbb) importing RooRealVar::signal_p0
[#1] INFO:ObjectHandling -- RooWorkspace::import(HbbHbb) importing RooRealVar::signal_p1
[#1] INFO:ObjectHandling -- RooWorkspace::import(HbbHbb) importing RooRealVar::signal_p2
[#1] INFO:ObjectHandling -- RooWorkspace::import(HbbHbb) importing RooRealVar::signal_p3
 asd 
 asd 
 asd 
[#1] INFO:DataHandling -- RooDataHist::adjustBinning(signalHistogram): fit range of variable x expanded to nearest bin boundaries: [260,590] --> [260,590]
[#0] WARNING:InputArguments -- RooAbsPdf::fitTo(signal) WARNING: a likelihood fit is request of what appears to be weighted data. 
       While the estimated values of the parameters will always be calculated taking the weights into account, 
       there are multiple ways to estimate the errors on these parameter values. You are advised to make an 
       explicit choice on the error calculation: 
           - Either provide SumW2Error(kTRUE), to calculate a sum-of-weights corrected HESSE error matrix 
             (error will be proportional to the number of events)
           - Or provide SumW2Error(kFALSE), to return errors from original HESSE error matrix
             (which will be proportional to the sum of the weights)
       If you want the errors to reflect the information contained in the provided dataset, choose kTRUE. 
       If you want the errors to reflect the precision you would be able to obtain with an unweighted dataset 
       with 'sum-of-weights' events, choose kFALSE.
[#1] INFO:Eval -- RooRealVar::setRange(x) new range named 'fit' created with bounds [360,490]
[#1] INFO:Fitting -- RooAbsOptTestStatistic::ctor(nll_signal_signalHistogram) constructing test statistic for sub-range named fit
[#1] INFO:Eval -- RooRealVar::setRange(x) new range named 'NormalizationRangeForfit' created with bounds [260,590]
[#1] INFO:Eval -- RooRealVar::setRange(x) new range named 'fit_nll_signal_signalHistogram' created with bounds [360,490]
[#1] INFO:Fitting -- RooAbsOptTestStatistic::ctor(nll_signal_signalHistogram) fixing interpretation of coefficients of any RooAddPdf to full domain of observables 
[#1] INFO:NumericIntegration -- RooRealIntegral::init(signal_Int[x]) using numeric integrator RooIntegrator1D to calculate Int(x)
[#1] INFO:Minization -- RooMinuit::optimizeConst: activating const optimization
 **********
 **   13 **MIGRAD        2000           1
 **********
 FIRST CALL TO USER FUNCTION AT NEW START POINT, WITH IFLAG=4.
 START MIGRAD MINIMIZATION.  STRATEGY  1.  CONVERGENCE WHEN EDM .LT. 1.00e-03
 FCN=1727.99 FROM MIGRAD    STATUS=INITIATE       43 CALLS          44 TOTAL
                     EDM= unknown      STRATEGY= 1      NO ERROR MATRIX       
  EXT PARAMETER               CURRENT GUESS       STEP         FIRST   
  NO.   NAME      VALUE            ERROR          SIZE      DERIVATIVE 
   1  sg_p0        4.00000e+02   4.00000e+00   0.00000e+00  -1.98972e+02
   2  sg_p1        1.50000e+01   2.00000e+00   0.00000e+00   6.79303e+01
   3  sg_p2        1.01310e+00   5.00000e-01  -6.36966e-01  -1.56417e+00
   4  sg_p3        3.50000e+00   7.00000e-01   0.00000e+00  -8.11248e-01
                               ERR DEF= 0.5
 MIGRAD MINIMIZATION HAS CONVERGED.
 MIGRAD WILL VERIFY CONVERGENCE AND ERROR MATRIX.
 COVARIANCE MATRIX CALCULATED SUCCESSFULLY
 FCN=1669.27 FROM MIGRAD    STATUS=CONVERGED     144 CALLS         145 TOTAL
                     EDM=3.15957e-05    STRATEGY= 1      ERROR MATRIX ACCURATE 
  EXT PARAMETER                                   STEP         FIRST   
  NO.   NAME      VALUE            ERROR          SIZE      DERIVATIVE 
   1  sg_p0        4.05529e+02   5.90432e-01   8.32880e-04  -1.04665e-01
   2  sg_p1        1.06828e+01   4.61366e-01   1.30135e-03   8.19480e-02
   3  sg_p2        9.02230e-01   6.80658e-02   8.87943e-04  -5.90267e-02
   4  sg_p3        4.13622e+00   4.89560e+00   5.28881e-02  -5.82162e-04
                               ERR DEF= 0.5
 EXTERNAL ERROR MATRIX.    NDIM=  25    NPAR=  4    ERR DEF=0.5
  3.487e-01  5.674e-02  1.027e-02  2.885e-03 
  5.674e-02  2.130e-01  1.323e-02 -1.854e-02 
  1.027e-02  1.323e-02  4.635e-03 -9.834e-04 
  2.885e-03 -1.854e-02 -9.834e-04  3.080e+02 
 PARAMETER  CORRELATION COEFFICIENTS  
       NO.  GLOBAL      1      2      3      4
        1  0.27846   1.000  0.208  0.255  0.000
        2  0.43377   0.208  1.000  0.421 -0.002
        3  0.45469   0.255  0.421  1.000 -0.001
        4  0.00242   0.000 -0.002 -0.001  1.000
 **********
 **   18 **HESSE        2000
 **********
 MINUIT WARNING IN HESSE   
 ============== Negative diagonal element 4 in Error Matrix
 MINUIT WARNING IN HESSE   
 ============== 4.21601 added to diagonal of error matrix
 COVARIANCE MATRIX CALCULATED SUCCESSFULLY
 FCN=1669.27 FROM HESSE     STATUS=OK             29 CALLS         174 TOTAL
                     EDM=2.29652e-05    STRATEGY= 1      ERROR MATRIX ACCURATE 
  EXT PARAMETER                                INTERNAL      INTERNAL  
  NO.   NAME      VALUE            ERROR       STEP SIZE       VALUE   
   1  sg_p0        4.05529e+02   5.89025e-01   1.66576e-04   2.80100e-01
   2  sg_p1        1.06828e+01   4.58626e-01   2.60269e-04  -4.46394e-01
   3  sg_p2        9.02230e-01   6.78267e-02   1.77589e-04  -6.93338e-01
   4  sg_p3        4.13622e+00   2.89608e+00   5.00000e-01   1.82794e-01
                               ERR DEF= 0.5
 EXTERNAL ERROR MATRIX.    NDIM=  25    NPAR=  4    ERR DEF=0.5
  3.471e-01  5.567e-02  1.015e-02  1.085e-05 
  5.567e-02  2.105e-01  1.302e-02 -7.759e-05 
  1.015e-02  1.302e-02  4.602e-03 -4.127e-06 
  1.085e-05 -7.759e-05 -4.127e-06  1.185e+01 
 PARAMETER  CORRELATION COEFFICIENTS  
       NO.  GLOBAL      1      2      3      4
        1  0.27662   1.000  0.206  0.254  0.000
        2  0.43095   0.206  1.000  0.418 -0.000
        3  0.45219   0.254  0.418  1.000 -0.000
        4  0.00005   0.000 -0.000 -0.000  1.000
[#1] INFO:Minization -- RooMinuit::optimizeConst: deactivating const optimization
400
405.529 +- 0.589025
10.6828 +- 0.458626
[#1] INFO:InputArguments -- RooAbsData::plotOn(signalHistogram) INFO: dataset has non-integer weights, auto-selecting SumW2 errors instead of Poisson errors
[#1] INFO:Plotting -- RooAbsPdf::plotOn(signal) p.d.f was fitted in range and no explicit plot,norm range was specified, using fit range as default
[#1] INFO:Plotting -- RooAbsPdf::plotOn(signal) only plotting range 'fit_nll_signal_signalHistogram'
[#1] INFO:Plotting -- RooAbsPdf::plotOn(signal) p.d.f. curve is normalized using explicit choice of ranges 'fit_nll_signal_signalHistogram'
[#1] INFO:NumericIntegration -- RooRealIntegral::init(signal_Int[x]) using numeric integrator RooIntegrator1D to calculate Int(x)
[#1] INFO:NumericIntegration -- RooRealIntegral::init(signal_Int[x|fit_nll_signal_signalHistogram]_Norm[x]) using numeric integrator RooIntegrator1D to calculate Int(x)
[#1] INFO:ObjectHandling -- RooWorkspace::import(HbbHbb) importing ExpGaussExp::signal_fixed
[#1] INFO:ObjectHandling -- RooWorkspace::import(HbbHbb) importing RooRealVar::x
[#1] INFO:ObjectHandling -- RooWorkspace::import(HbbHbb) importing RooRealVar::signal_p0
[#1] INFO:ObjectHandling -- RooWorkspace::import(HbbHbb) importing RooRealVar::signal_p1
[#1] INFO:ObjectHandling -- RooWorkspace::import(HbbHbb) importing RooRealVar::signal_p2
[#1] INFO:ObjectHandling -- RooWorkspace::import(HbbHbb) importing RooRealVar::signal_p3
