
Processing test.c...
nSignal_init = 50000
[#1] INFO:DataHandling -- RooDataHist::adjustBinning(signalHistogram): fit range of variable x expanded to nearest bin boundaries: [700,1250] --> [700,1250]
[#0] WARNING:InputArguments -- RooAbsPdf::fitTo(signal) WARNING: a likelihood fit is request of what appears to be weighted data. 
       While the estimated values of the parameters will always be calculated taking the weights into account, 
       there are multiple ways to estimate the errors on these parameter values. You are advised to make an 
       explicit choice on the error calculation: 
           - Either provide SumW2Error(kTRUE), to calculate a sum-of-weights corrected HESSE error matrix 
             (error will be proportional to the number of events)
           - Or provide SumW2Error(kFALSE), to return errors from original HESSE error matrix
             (which will be proportional to the sum of the weights)
       If you want the errors to reflect the information contained in the provided dataset, choose kTRUE. 
       If you want the errors to reflect the precision you would be able to obtain with an unweighted dataset 
       with 'sum-of-weights' events, choose kFALSE.
[#1] INFO:Eval -- RooRealVar::setRange(x) new range named 'fit' created with bounds [800,1150]
[#1] INFO:Fitting -- RooAbsOptTestStatistic::ctor(nll_signal_signalHistogram) constructing test statistic for sub-range named fit
[#1] INFO:Eval -- RooRealVar::setRange(x) new range named 'NormalizationRangeForfit' created with bounds [700,1250]
[#1] INFO:Eval -- RooRealVar::setRange(x) new range named 'fit_nll_signal_signalHistogram' created with bounds [800,1150]
[#1] INFO:Fitting -- RooAbsOptTestStatistic::ctor(nll_signal_signalHistogram) fixing interpretation of coefficients of any RooAddPdf to full domain of observables 
[#1] INFO:NumericIntegration -- RooRealIntegral::init(signal_Int[x]) using numeric integrator RooIntegrator1D to calculate Int(x)
[#1] INFO:Minization -- RooMinuit::optimizeConst: activating const optimization
 **********
 **   13 **MIGRAD        2000           1
 **********
 FIRST CALL TO USER FUNCTION AT NEW START POINT, WITH IFLAG=4.
 START MIGRAD MINIMIZATION.  STRATEGY  1.  CONVERGENCE WHEN EDM .LT. 1.00e-03
 FCN=13017.6 FROM MIGRAD    STATUS=INITIATE       56 CALLS          57 TOTAL
                     EDM= unknown      STRATEGY= 1      NO ERROR MATRIX       
  EXT PARAMETER               CURRENT GUESS       STEP         FIRST   
  NO.   NAME      VALUE            ERROR          SIZE      DERIVATIVE 
   1  sg_p0        1.00000e+03   1.00000e+01   0.00000e+00   3.01002e+01
   2  sg_p1        3.50000e+01   2.00000e+00   0.00000e+00  -5.66674e+01
   3  sg_p2        1.46644e+00   5.00000e-01   0.00000e+00   4.39183e+01
   4  sg_p3        7.17570e-01   7.00000e-01  -9.18974e-01   3.40753e+01
                               ERR DEF= 0.5
 MIGRAD MINIMIZATION HAS CONVERGED.
 MIGRAD WILL VERIFY CONVERGENCE AND ERROR MATRIX.
 EIGENVALUES OF SECOND-DERIVATIVE MATRIX:
        -1.6370e+00  9.9964e-01  1.0621e+00  3.5752e+00
 MINUIT WARNING IN HESSE   
 ============== MATRIX FORCED POS-DEF BY ADDING 1.640549 TO DIAGONAL.
 FCN=12977.2 FROM HESSE     STATUS=NOT POSDEF     27 CALLS         296 TOTAL
                     EDM=0.0603022    STRATEGY= 1      ERR MATRIX NOT POS-DEF
  EXT PARAMETER                APPROXIMATE        STEP         FIRST   
  NO.   NAME      VALUE            ERROR          SIZE      DERIVATIVE 
   1  sg_p0        9.91831e+02   8.05498e+00   1.62230e-03   6.76655e-02
   2  sg_p1        4.50000e+01   7.46950e-02   1.56218e-02** at limit **
   3  sg_p2        2.57190e+00   3.78360e+00   1.46907e-02   6.11405e-03
   4  sg_p3        1.15744e+00   2.66495e-01   1.62054e-03  -3.58935e+00
                               ERR DEF= 0.5
 MIGRAD FAILS TO FIND IMPROVEMENT
 MIGRAD TERMINATED WITHOUT CONVERGENCE.
 FCN=12977.2 FROM MIGRAD    STATUS=FAILED        351 CALLS         352 TOTAL
                     EDM=9.0389    STRATEGY= 1      ERR MATRIX NOT POS-DEF
  EXT PARAMETER                APPROXIMATE        STEP         FIRST   
  NO.   NAME      VALUE            ERROR          SIZE      DERIVATIVE 
   1  sg_p0        9.91808e+02   3.91208e-01   0.00000e+00  -4.60680e+01
   2  sg_p1        4.50000e+01   7.47029e-02  -0.00000e+00** at limit **
   3  sg_p2        2.57981e+00   3.73841e-01   0.00000e+00  -8.33793e-01
   4  sg_p3        1.16084e+00   2.42398e-02  -0.00000e+00   4.77450e+01
                               ERR DEF= 0.5
 EXTERNAL ERROR MATRIX.    NDIM=  25    NPAR=  4    ERR DEF=0.5
  1.530e-01 -2.137e-07  6.240e-02  6.727e-03 
 -2.137e-07  6.241e-07 -3.134e-07  1.423e-07 
  6.240e-02 -3.134e-07  1.408e-01  5.725e-03 
  6.727e-03  1.423e-07  5.725e-03  5.876e-04 
ERR MATRIX NOT POS-DEF
 PARAMETER  CORRELATION COEFFICIENTS  
       NO.  GLOBAL      1      2      3      4
        1  0.70994   1.000 -0.001  0.425  0.709
        2  0.01365  -0.001  1.000 -0.001  0.007
        3  0.63014   0.425 -0.001  1.000  0.629
        4  0.79654   0.709  0.007  0.629  1.000
 ERR MATRIX NOT POS-DEF
 **********
 **   18 **HESSE        2000
 **********
 COVARIANCE MATRIX CALCULATED SUCCESSFULLY
 FCN=12977.2 FROM HESSE     STATUS=OK             29 CALLS         381 TOTAL
                     EDM=0.000272011    STRATEGY= 1      ERROR MATRIX ACCURATE 
  EXT PARAMETER                                INTERNAL      INTERNAL  
  NO.   NAME      VALUE            ERROR       STEP SIZE       VALUE   
   1  sg_p0        9.91808e+02   8.92966e-02   3.06657e-04  -1.64576e-01
   2  sg_p1        4.50000e+01   1.92406e-01   1.56124e-02   1.57144e+00
                                 WARNING -   - ABOVE PARAMETER IS AT LIMIT.
   3  sg_p2        2.57981e+00   5.11060e-01   1.49932e-02   3.19313e-02
   4  sg_p3        1.16084e+00   1.14238e-02   2.95345e-04  -7.31963e-01
                               ERR DEF= 0.5
 EXTERNAL ERROR MATRIX.    NDIM=  25    NPAR=  4    ERR DEF=0.5
  7.974e-03  4.258e-08  9.033e-04  2.082e-05 
  4.258e-08  1.611e-06 -4.195e-07 -2.749e-09 
  9.033e-04 -4.195e-07  2.649e-01  5.401e-03 
  2.082e-05 -2.749e-09  5.401e-03  1.305e-04 
 PARAMETER  CORRELATION COEFFICIENTS  
       NO.  GLOBAL      1      2      3      4
        1  0.02054   1.000  0.000  0.020  0.020
        2  0.00126   0.000  1.000 -0.001 -0.000
        3  0.91866   0.020 -0.001  1.000  0.919
        4  0.91867   0.020 -0.000  0.919  1.000
[#1] INFO:Minization -- RooMinuit::optimizeConst: deactivating const optimization
1000
991.808 +- 0.0892966
45 +- 0.192406
[#1] INFO:InputArguments -- RooAbsData::plotOn(signalHistogram) INFO: dataset has non-integer weights, auto-selecting SumW2 errors instead of Poisson errors
[#1] INFO:Plotting -- RooAbsPdf::plotOn(signal) p.d.f was fitted in range and no explicit plot,norm range was specified, using fit range as default
[#1] INFO:Plotting -- RooAbsPdf::plotOn(signal) only plotting range 'fit_nll_signal_signalHistogram'
[#1] INFO:Plotting -- RooAbsPdf::plotOn(signal) p.d.f. curve is normalized using explicit choice of ranges 'fit_nll_signal_signalHistogram'
[#1] INFO:NumericIntegration -- RooRealIntegral::init(signal_Int[x]) using numeric integrator RooIntegrator1D to calculate Int(x)
[#1] INFO:NumericIntegration -- RooRealIntegral::init(signal_Int[x|fit_nll_signal_signalHistogram]_Norm[x]) using numeric integrator RooIntegrator1D to calculate Int(x)
[#1] INFO:ObjectHandling -- RooWorkspace::import(HbbHbb) importing ExpGaussExp::signal_fixed
[#1] INFO:ObjectHandling -- RooWorkspace::import(HbbHbb) importing RooRealVar::x
[#1] INFO:ObjectHandling -- RooWorkspace::import(HbbHbb) importing RooRealVar::signal_p0
[#1] INFO:ObjectHandling -- RooWorkspace::import(HbbHbb) importing RooRealVar::signal_p1
[#1] INFO:ObjectHandling -- RooWorkspace::import(HbbHbb) importing RooRealVar::signal_p2
[#1] INFO:ObjectHandling -- RooWorkspace::import(HbbHbb) importing RooRealVar::signal_p3
 asd 
 asd 
 asd 
[#1] INFO:DataHandling -- RooDataHist::adjustBinning(signalHistogram): fit range of variable x expanded to nearest bin boundaries: [750,1250] --> [750,1250]
[#0] WARNING:InputArguments -- RooAbsPdf::fitTo(signal) WARNING: a likelihood fit is request of what appears to be weighted data. 
       While the estimated values of the parameters will always be calculated taking the weights into account, 
       there are multiple ways to estimate the errors on these parameter values. You are advised to make an 
       explicit choice on the error calculation: 
           - Either provide SumW2Error(kTRUE), to calculate a sum-of-weights corrected HESSE error matrix 
             (error will be proportional to the number of events)
           - Or provide SumW2Error(kFALSE), to return errors from original HESSE error matrix
             (which will be proportional to the sum of the weights)
       If you want the errors to reflect the information contained in the provided dataset, choose kTRUE. 
       If you want the errors to reflect the precision you would be able to obtain with an unweighted dataset 
       with 'sum-of-weights' events, choose kFALSE.
[#1] INFO:Eval -- RooRealVar::setRange(x) new range named 'fit' created with bounds [850,1150]
[#1] INFO:Fitting -- RooAbsOptTestStatistic::ctor(nll_signal_signalHistogram) constructing test statistic for sub-range named fit
[#1] INFO:Eval -- RooRealVar::setRange(x) new range named 'NormalizationRangeForfit' created with bounds [750,1250]
[#1] INFO:Eval -- RooRealVar::setRange(x) new range named 'fit_nll_signal_signalHistogram' created with bounds [850,1150]
[#1] INFO:Fitting -- RooAbsOptTestStatistic::ctor(nll_signal_signalHistogram) fixing interpretation of coefficients of any RooAddPdf to full domain of observables 
[#1] INFO:NumericIntegration -- RooRealIntegral::init(signal_Int[x]) using numeric integrator RooIntegrator1D to calculate Int(x)
[#1] INFO:Minization -- RooMinuit::optimizeConst: activating const optimization
 **********
 **   13 **MIGRAD        2000           1
 **********
 FIRST CALL TO USER FUNCTION AT NEW START POINT, WITH IFLAG=4.
 START MIGRAD MINIMIZATION.  STRATEGY  1.  CONVERGENCE WHEN EDM .LT. 1.00e-03
 FCN=12454.2 FROM MIGRAD    STATUS=INITIATE       55 CALLS          56 TOTAL
                     EDM= unknown      STRATEGY= 1      NO ERROR MATRIX       
  EXT PARAMETER               CURRENT GUESS       STEP         FIRST   
  NO.   NAME      VALUE            ERROR          SIZE      DERIVATIVE 
   1  sg_p0        1.01500e+03   7.00000e+00   0.00000e+00  -7.60518e+01
   2  sg_p1        3.25000e+01   1.50000e+00   0.00000e+00  -5.50057e+01
   3  sg_p2        1.19765e+00   5.00000e-01   0.00000e+00   6.11522e+01
   4  sg_p3        1.26162e+00   7.00000e-01  -6.93896e-01   9.71211e+01
                               ERR DEF= 0.5
 MIGRAD MINIMIZATION HAS CONVERGED.
 MIGRAD WILL VERIFY CONVERGENCE AND ERROR MATRIX.
 COVARIANCE MATRIX CALCULATED SUCCESSFULLY
 FCN=12438.6 FROM MIGRAD    STATUS=CONVERGED     184 CALLS         185 TOTAL
                     EDM=1.59166e-05    STRATEGY= 1      ERROR MATRIX ACCURATE 
  EXT PARAMETER                                   STEP         FIRST   
  NO.   NAME      VALUE            ERROR          SIZE      DERIVATIVE 
   1  sg_p0        1.01725e+03   8.97504e-01   1.84876e-03   6.64007e-04
   2  sg_p1        3.80175e+01   8.14914e-01   1.00961e-02   1.37379e-02
   3  sg_p2        1.58400e+00   1.16089e-01   3.35774e-03   5.64552e-02
   4  sg_p3        1.42232e+00   7.93016e-02   1.84473e-03  -4.39968e-02
                               ERR DEF= 0.5
 EXTERNAL ERROR MATRIX.    NDIM=  25    NPAR=  4    ERR DEF=0.5
  8.057e-01 -1.701e-02  2.259e-02 -1.724e-02 
 -1.701e-02  6.699e-01  4.052e-02  3.057e-02 
  2.259e-02  4.052e-02  1.349e-02  1.619e-03 
 -1.724e-02  3.057e-02  1.619e-03  6.290e-03 
 PARAMETER  CORRELATION COEFFICIENTS  
       NO.  GLOBAL      1      2      3      4
        1  0.35776   1.000 -0.023  0.217 -0.242
        2  0.58609  -0.023  1.000  0.426  0.471
        3  0.48385   0.217  0.426  1.000  0.176
        4  0.52558  -0.242  0.471  0.176  1.000
 **********
 **   18 **HESSE        2000
 **********
 COVARIANCE MATRIX CALCULATED SUCCESSFULLY
 FCN=12438.6 FROM HESSE     STATUS=OK             23 CALLS         208 TOTAL
                     EDM=1.60934e-05    STRATEGY= 1      ERROR MATRIX ACCURATE 
  EXT PARAMETER                                INTERNAL      INTERNAL  
  NO.   NAME      VALUE            ERROR       STEP SIZE       VALUE   
   1  sg_p0        1.01725e+03   8.98181e-01   7.39504e-05   6.43512e-02
   2  sg_p1        3.80175e+01   8.19895e-01   4.03845e-04   8.26653e-01
   3  sg_p2        1.58400e+00   1.16571e-01   1.34310e-04  -3.75137e-01
   4  sg_p3        1.42232e+00   7.96069e-02   7.37893e-05  -6.35552e-01
                               ERR DEF= 0.5
 EXTERNAL ERROR MATRIX.    NDIM=  25    NPAR=  4    ERR DEF=0.5
  8.069e-01 -1.748e-02  2.279e-02 -1.731e-02 
 -1.748e-02  6.781e-01  4.158e-02  3.127e-02 
  2.279e-02  4.158e-02  1.360e-02  1.686e-03 
 -1.731e-02  3.127e-02  1.686e-03  6.339e-03 
 PARAMETER  CORRELATION COEFFICIENTS  
       NO.  GLOBAL      1      2      3      4
        1  0.35960   1.000 -0.024  0.218 -0.242
        2  0.59287  -0.024  1.000  0.433  0.477
        3  0.49031   0.218  0.433  1.000  0.182
        4  0.53081  -0.242  0.477  0.182  1.000
[#1] INFO:Minization -- RooMinuit::optimizeConst: deactivating const optimization
1000
1017.25 +- 0.898181
38.0175 +- 0.819895
[#1] INFO:InputArguments -- RooAbsData::plotOn(signalHistogram) INFO: dataset has non-integer weights, auto-selecting SumW2 errors instead of Poisson errors
[#1] INFO:Plotting -- RooAbsPdf::plotOn(signal) p.d.f was fitted in range and no explicit plot,norm range was specified, using fit range as default
[#1] INFO:Plotting -- RooAbsPdf::plotOn(signal) only plotting range 'fit_nll_signal_signalHistogram'
[#1] INFO:Plotting -- RooAbsPdf::plotOn(signal) p.d.f. curve is normalized using explicit choice of ranges 'fit_nll_signal_signalHistogram'
[#1] INFO:NumericIntegration -- RooRealIntegral::init(signal_Int[x]) using numeric integrator RooIntegrator1D to calculate Int(x)
[#1] INFO:NumericIntegration -- RooRealIntegral::init(signal_Int[x|fit_nll_signal_signalHistogram]_Norm[x]) using numeric integrator RooIntegrator1D to calculate Int(x)
[#1] INFO:ObjectHandling -- RooWorkspace::import(HbbHbb) importing ExpGaussExp::signal_fixed
[#1] INFO:ObjectHandling -- RooWorkspace::import(HbbHbb) importing RooRealVar::x
[#1] INFO:ObjectHandling -- RooWorkspace::import(HbbHbb) importing RooRealVar::signal_p0
[#1] INFO:ObjectHandling -- RooWorkspace::import(HbbHbb) importing RooRealVar::signal_p1
[#1] INFO:ObjectHandling -- RooWorkspace::import(HbbHbb) importing RooRealVar::signal_p2
[#1] INFO:ObjectHandling -- RooWorkspace::import(HbbHbb) importing RooRealVar::signal_p3
