
Processing fit_background.c...
 Opened data file 
[#1] INFO:DataHandling -- RooDataHist::adjustBinning(pred): fit range of variable x expanded to nearest bin boundaries: [250,500] --> [250,500]
[#1] INFO:Eval -- RooRealVar::setRange(x) new range named 'fit' created with bounds [250,500]
[#1] INFO:Fitting -- RooAbsOptTestStatistic::ctor(nll_background_pred) constructing test statistic for sub-range named fit
[#1] INFO:Eval -- RooRealVar::setRange(x) new range named 'NormalizationRangeForfit' created with bounds [250,500]
[#1] INFO:Eval -- RooRealVar::setRange(x) new range named 'fit_nll_background_pred' created with bounds [250,500]
[#1] INFO:Fitting -- RooAbsOptTestStatistic::ctor(nll_background_pred) fixing interpretation of coefficients of any RooAddPdf to full domain of observables 
[#1] INFO:NumericIntegration -- RooRealIntegral::init(background_Int[x]) using numeric integrator RooIntegrator1D to calculate Int(x)
[#1] INFO:Minization -- RooMinuit::optimizeConst: activating const optimization
 **********
 **   13 **MIGRAD        1500           1
 **********
 FIRST CALL TO USER FUNCTION AT NEW START POINT, WITH IFLAG=4.
 START MIGRAD MINIMIZATION.  STRATEGY  1.  CONVERGENCE WHEN EDM .LT. 1.00e-03
 FCN=44103.6 FROM MIGRAD    STATUS=INITIATE       70 CALLS          71 TOTAL
                     EDM= unknown      STRATEGY= 1      NO ERROR MATRIX       
  EXT PARAMETER               CURRENT GUESS       STEP         FIRST   
  NO.   NAME      VALUE            ERROR          SIZE      DERIVATIVE 
   1  bg_p0        2.70000e+02   6.00000e+00   0.00000e+00  -1.09334e+01
   2  bg_p1        1.23429e+01   4.70000e+00   0.00000e+00  -4.34322e+01
   3  bg_p2        8.07990e-02   5.09000e-01   1.99228e-01   3.74803e+02
                               ERR DEF= 0.5
 MIGRAD MINIMIZATION HAS CONVERGED.
 MIGRAD WILL VERIFY CONVERGENCE AND ERROR MATRIX.
 COVARIANCE MATRIX CALCULATED SUCCESSFULLY
 FCN=44098.9 FROM MIGRAD    STATUS=CONVERGED     181 CALLS         182 TOTAL
                     EDM=4.90015e-05    STRATEGY= 1      ERROR MATRIX ACCURATE 
  EXT PARAMETER                                   STEP         FIRST   
  NO.   NAME      VALUE            ERROR          SIZE      DERIVATIVE 
   1  bg_p0        2.67284e+02   7.03910e-01   1.91142e-03   7.91266e-02
   2  bg_p1        9.77635e+00   6.60773e-01   2.14738e-03   8.94879e-02
   3  bg_p2        6.12668e-02   4.43482e-03   4.70312e-04   2.17131e-01
                               ERR DEF= 0.5
 EXTERNAL ERROR MATRIX.    NDIM=  25    NPAR=  3    ERR DEF=0.5
  4.956e-01  3.780e-01  2.532e-03 
  3.780e-01  4.369e-01  2.703e-03 
  2.532e-03  2.703e-03  1.967e-05 
 PARAMETER  CORRELATION COEFFICIENTS  
       NO.  GLOBAL      1      2      3
        1  0.82798   1.000  0.812  0.811
        2  0.92874   0.812  1.000  0.922
        3  0.92831   0.811  0.922  1.000
 **********
 **   18 **HESSE        1500
 **********
 COVARIANCE MATRIX CALCULATED SUCCESSFULLY
 FCN=44098.9 FROM HESSE     STATUS=OK             16 CALLS         198 TOTAL
                     EDM=4.80479e-05    STRATEGY= 1      ERROR MATRIX ACCURATE 
  EXT PARAMETER                                INTERNAL      INTERNAL  
  NO.   NAME      VALUE            ERROR       STEP SIZE       VALUE   
   1  bg_p0        2.67284e+02   6.97148e-01   7.64567e-05  -9.06463e-02
   2  bg_p1        9.77635e+00   6.54981e-01   8.58953e-05  -7.91837e-01
   3  bg_p2        6.12668e-02   4.39789e-03   1.88125e-05  -1.36974e+00
                               ERR DEF= 0.5
 EXTERNAL ERROR MATRIX.    NDIM=  25    NPAR=  3    ERR DEF=0.5
  4.861e-01  3.692e-01  2.475e-03 
  3.692e-01  4.292e-01  2.653e-03 
  2.475e-03  2.653e-03  1.934e-05 
 PARAMETER  CORRELATION COEFFICIENTS  
       NO.  GLOBAL      1      2      3
        1  0.82427   1.000  0.808  0.807
        2  0.92742   0.808  1.000  0.921
        3  0.92705   0.807  0.921  1.000
[#1] INFO:Minization -- RooMinuit::optimizeConst: deactivating const optimization
[#1] INFO:Plotting -- RooAbsPdf::plotOn(background) p.d.f was fitted in range and no explicit plot,norm range was specified, using fit range as default
[#1] INFO:Plotting -- RooAbsPdf::plotOn(background) only plotting range 'fit_nll_background_pred'
[#1] INFO:Plotting -- RooAbsPdf::plotOn(background) p.d.f. curve is normalized using explicit choice of ranges 'fit_nll_background_pred'
[#1] INFO:Plotting -- RooAbsPdf::plotOn(background) only plotting range 'fit_nll_background_pred'
[#1] INFO:Plotting -- RooAbsPdf::plotOn(background) p.d.f. curve is normalized using explicit choice of ranges 'fit_nll_background_pred'
[#1] INFO:NumericIntegration -- RooRealIntegral::init(background_Int[x]) using numeric integrator RooIntegrator1D to calculate Int(x)
[#1] INFO:NumericIntegration -- RooRealIntegral::init(background_Int[x|fit_nll_background_pred]_Norm[x]) using numeric integrator RooIntegrator1D to calculate Int(x)
[#1] INFO:Plotting -- RooAbsPdf::plotOn(background) only plotting range 'fit_nll_background_pred'
[#1] INFO:Plotting -- RooAbsPdf::plotOn(background) p.d.f. curve is normalized using explicit choice of ranges 'fit_nll_background_pred'
[#1] INFO:NumericIntegration -- RooRealIntegral::init(background_Int[x]) using numeric integrator RooIntegrator1D to calculate Int(x)
[#1] INFO:NumericIntegration -- RooRealIntegral::init(background_Int[x|fit_nll_background_pred]_Norm[x]) using numeric integrator RooIntegrator1D to calculate Int(x)
[#1] INFO:Plotting -- RooAbsPdf::plotOn(background) only plotting range 'fit_nll_background_pred'
[#1] INFO:Plotting -- RooAbsPdf::plotOn(background) p.d.f. curve is normalized using explicit choice of ranges 'fit_nll_background_pred'
[#1] INFO:NumericIntegration -- RooRealIntegral::init(background_Int[x]) using numeric integrator RooIntegrator1D to calculate Int(x)
[#1] INFO:NumericIntegration -- RooRealIntegral::init(background_Int[x|fit_nll_background_pred]_Norm[x]) using numeric integrator RooIntegrator1D to calculate Int(x)
[#1] INFO:Plotting -- RooAbsPdf::plotOn(background) only plotting range 'fit_nll_background_pred'
[#1] INFO:Plotting -- RooAbsPdf::plotOn(background) p.d.f. curve is normalized using explicit choice of ranges 'fit_nll_background_pred'
[#1] INFO:NumericIntegration -- RooRealIntegral::init(background_Int[x]) using numeric integrator RooIntegrator1D to calculate Int(x)
[#1] INFO:NumericIntegration -- RooRealIntegral::init(background_Int[x|fit_nll_background_pred]_Norm[x]) using numeric integrator RooIntegrator1D to calculate Int(x)
[#1] INFO:Plotting -- RooAbsPdf::plotOn(background) only plotting range 'fit_nll_background_pred'
[#1] INFO:Plotting -- RooAbsPdf::plotOn(background) p.d.f. curve is normalized using explicit choice of ranges 'fit_nll_background_pred'
[#1] INFO:NumericIntegration -- RooRealIntegral::init(background_Int[x]) using numeric integrator RooIntegrator1D to calculate Int(x)
[#1] INFO:NumericIntegration -- RooRealIntegral::init(background_Int[x|fit_nll_background_pred]_Norm[x]) using numeric integrator RooIntegrator1D to calculate Int(x)
[#1] INFO:Plotting -- RooAbsPdf::plotOn(background) only plotting range 'fit_nll_background_pred'
[#1] INFO:Plotting -- RooAbsPdf::plotOn(background) p.d.f. curve is normalized using explicit choice of ranges 'fit_nll_background_pred'
[#1] INFO:NumericIntegration -- RooRealIntegral::init(background_Int[x]) using numeric integrator RooIntegrator1D to calculate Int(x)
[#1] INFO:NumericIntegration -- RooRealIntegral::init(background_Int[x|fit_nll_background_pred]_Norm[x]) using numeric integrator RooIntegrator1D to calculate Int(x)
[#1] INFO:Plotting -- RooAbsPdf::plotOn(background) only plotting range 'fit_nll_background_pred'
[#1] INFO:Plotting -- RooAbsPdf::plotOn(background) p.d.f. curve is normalized using explicit choice of ranges 'fit_nll_background_pred'
[#1] INFO:NumericIntegration -- RooRealIntegral::init(background_Int[x]) using numeric integrator RooIntegrator1D to calculate Int(x)
[#1] INFO:NumericIntegration -- RooRealIntegral::init(background_Int[x|fit_nll_background_pred]_Norm[x]) using numeric integrator RooIntegrator1D to calculate Int(x)
[#1] INFO:Plotting -- RooAbsPdf::plotOn(background) p.d.f was fitted in range and no explicit plot,norm range was specified, using fit range as default
[#1] INFO:Plotting -- RooAbsPdf::plotOn(background) only plotting range 'fit_nll_background_pred'
[#1] INFO:Plotting -- RooAbsPdf::plotOn(background) p.d.f. curve is normalized using explicit choice of ranges 'fit_nll_background_pred'
[#1] INFO:NumericIntegration -- RooRealIntegral::init(background_Int[x]) using numeric integrator RooIntegrator1D to calculate Int(x)
[#1] INFO:NumericIntegration -- RooRealIntegral::init(background_Int[x|fit_nll_background_pred]_Norm[x]) using numeric integrator RooIntegrator1D to calculate Int(x)
Fit chi2 = 1.09246
22.04 fb^{-1} (13 TeV)
[#1] INFO:ObjectHandling -- RooWorkspace::import(HbbHbb) importing GaussExp::background
[#1] INFO:ObjectHandling -- RooWorkspace::import(HbbHbb) importing RooRealVar::x
[#1] INFO:ObjectHandling -- RooWorkspace::import(HbbHbb) importing RooRealVar::bg_p0
[#1] INFO:ObjectHandling -- RooWorkspace::import(HbbHbb) importing RooRealVar::bg_p1
[#1] INFO:ObjectHandling -- RooWorkspace::import(HbbHbb) importing RooRealVar::bg_p2
[#1] INFO:DataHandling -- RooDataHist::adjustBinning(data_obs): fit range of variable x expanded to nearest bin boundaries: [250,500] --> [250,500]
[#1] INFO:ObjectHandling -- RooWorkspace::import(HbbHbb) importing dataset data_obs
[#1] INFO:ObjectHandling -- RooWorkspace::import(HbbHbb) importing RooRealVar::x
 === RooFit data fit result to be entered in datacard === 
 Background number of events = 15182
bg_p0   param   267.284 0.697148
bg_p1   param   9.77635 0.654981
bg_p2   param   0.0612668 0.00439789
