
Processing test.c...
nSignal_init = 2000
[#1] INFO:DataHandling -- RooDataHist::adjustBinning(signalHistogram): fit range of variable x expanded to nearest bin boundaries: [620,1100] --> [620,1100]
[#0] WARNING:InputArguments -- RooAbsPdf::fitTo(signal) WARNING: a likelihood fit is request of what appears to be weighted data. 
       While the estimated values of the parameters will always be calculated taking the weights into account, 
       there are multiple ways to estimate the errors on these parameter values. You are advised to make an 
       explicit choice on the error calculation: 
           - Either provide SumW2Error(kTRUE), to calculate a sum-of-weights corrected HESSE error matrix 
             (error will be proportional to the number of events)
           - Or provide SumW2Error(kFALSE), to return errors from original HESSE error matrix
             (which will be proportional to the sum of the weights)
       If you want the errors to reflect the information contained in the provided dataset, choose kTRUE. 
       If you want the errors to reflect the precision you would be able to obtain with an unweighted dataset 
       with 'sum-of-weights' events, choose kFALSE.
[#1] INFO:Eval -- RooRealVar::setRange(x) new range named 'fit' created with bounds [720,1000]
[#1] INFO:Fitting -- RooAbsOptTestStatistic::ctor(nll_signal_signalHistogram) constructing test statistic for sub-range named fit
[#1] INFO:Eval -- RooRealVar::setRange(x) new range named 'NormalizationRangeForfit' created with bounds [620,1100]
[#1] INFO:Eval -- RooRealVar::setRange(x) new range named 'fit_nll_signal_signalHistogram' created with bounds [720,1000]
[#1] INFO:Fitting -- RooAbsOptTestStatistic::ctor(nll_signal_signalHistogram) fixing interpretation of coefficients of any RooAddPdf to full domain of observables 
[#1] INFO:NumericIntegration -- RooRealIntegral::init(signal_Int[x]) using numeric integrator RooIntegrator1D to calculate Int(x)
[#1] INFO:Minization -- RooMinuit::optimizeConst: activating const optimization
 **********
 **   13 **MIGRAD        2000           1
 **********
 FIRST CALL TO USER FUNCTION AT NEW START POINT, WITH IFLAG=4.
 START MIGRAD MINIMIZATION.  STRATEGY  1.  CONVERGENCE WHEN EDM .LT. 1.00e-03
 FCN=466.589 FROM MIGRAD    STATUS=INITIATE       54 CALLS          55 TOTAL
                     EDM= unknown      STRATEGY= 1      NO ERROR MATRIX       
  EXT PARAMETER               CURRENT GUESS       STEP         FIRST   
  NO.   NAME      VALUE            ERROR          SIZE      DERIVATIVE 
   1  sg_p0        8.70000e+02   1.20000e+01   0.00000e+00  -2.25348e+01
   2  sg_p1        4.00000e+01   3.00000e+00   0.00000e+00   1.64395e-02
   3  sg_p2        7.74884e-01   5.00000e-01   0.00000e+00   8.27532e+00
   4  sg_p3        1.16966e+00   7.00000e-01  -7.28583e-01  -5.67223e+00
                               ERR DEF= 0.5
 MIGRAD MINIMIZATION HAS CONVERGED.
 MIGRAD WILL VERIFY CONVERGENCE AND ERROR MATRIX.
 COVARIANCE MATRIX CALCULATED SUCCESSFULLY
 FCN=463.126 FROM MIGRAD    STATUS=CONVERGED     227 CALLS         228 TOTAL
                     EDM=0.000247308    STRATEGY= 1      ERROR MATRIX ACCURATE 
  EXT PARAMETER                                   STEP         FIRST   
  NO.   NAME      VALUE            ERROR          SIZE      DERIVATIVE 
   1  sg_p0        8.88602e+02   6.24622e+00   1.43671e-03   6.22262e-02
   2  sg_p1        4.68740e+01   5.64487e+00   5.14867e-03  -9.94777e-03
   3  sg_p2        2.31064e+00   3.64820e+00   1.79105e-02  -9.55613e-03
   4  sg_p3        1.33543e+00   5.21361e-01   2.09615e-03   4.34742e-03
                               ERR DEF= 0.5
 EXTERNAL ERROR MATRIX.    NDIM=  25    NPAR=  4    ERR DEF=0.5
  3.917e+01 -1.128e+01 -1.615e-01 -1.538e+00 
 -1.128e+01  3.397e+01 -9.448e-01  1.851e+00 
 -1.615e-01 -9.448e-01  1.198e+01 -3.875e-02 
 -1.538e+00  1.851e+00 -3.875e-02  2.751e-01 
 PARAMETER  CORRELATION COEFFICIENTS  
       NO.  GLOBAL      1      2      3      4
        1  0.46995   1.000 -0.309 -0.007 -0.468
        2  0.60693  -0.309  1.000 -0.047  0.605
        3  0.05221  -0.007 -0.047  1.000 -0.021
        4  0.67368  -0.468  0.605 -0.021  1.000
 **********
 **   18 **HESSE        2000
 **********
 COVARIANCE MATRIX CALCULATED SUCCESSFULLY
 FCN=463.126 FROM HESSE     STATUS=OK             29 CALLS         257 TOTAL
                     EDM=0.000130772    STRATEGY= 1      ERROR MATRIX ACCURATE 
  EXT PARAMETER                                INTERNAL      INTERNAL  
  NO.   NAME      VALUE            ERROR       STEP SIZE       VALUE   
   1  sg_p0        8.88602e+02   6.25723e+00   2.87342e-04   3.15233e-01
   2  sg_p1        4.68740e+01   5.65713e+00   1.02973e-03   4.76042e-01
   3  sg_p2        2.31064e+00   1.75144e+00   4.52287e-01  -7.58179e-02
   4  sg_p3        1.33543e+00   5.23094e-01   8.38458e-05  -6.66765e-01
                               ERR DEF= 0.5
 EXTERNAL ERROR MATRIX.    NDIM=  25    NPAR=  4    ERR DEF=0.5
  3.931e+01 -1.152e+01 -2.972e-03 -1.556e+00 
 -1.152e+01  3.413e+01 -1.768e-02  1.871e+00 
 -2.972e-03 -1.768e-02  3.771e+00 -7.314e-04 
 -1.556e+00  1.871e+00 -7.314e-04  2.770e-01 
 PARAMETER  CORRELATION COEFFICIENTS  
       NO.  GLOBAL      1      2      3      4
        1  0.47287   1.000 -0.314 -0.000 -0.472
        2  0.60933  -0.314  1.000 -0.002  0.609
        3  0.00174  -0.000 -0.002  1.000 -0.001
        4  0.67639  -0.472  0.609 -0.001  1.000
[#1] INFO:Minization -- RooMinuit::optimizeConst: deactivating const optimization
900
888.602 +- 6.25723
46.874 +- 5.65713
[#1] INFO:InputArguments -- RooAbsData::plotOn(signalHistogram) INFO: dataset has non-integer weights, auto-selecting SumW2 errors instead of Poisson errors
[#1] INFO:Plotting -- RooAbsPdf::plotOn(signal) p.d.f was fitted in range and no explicit plot,norm range was specified, using fit range as default
[#1] INFO:Plotting -- RooAbsPdf::plotOn(signal) only plotting range 'fit_nll_signal_signalHistogram'
[#1] INFO:Plotting -- RooAbsPdf::plotOn(signal) p.d.f. curve is normalized using explicit choice of ranges 'fit_nll_signal_signalHistogram'
[#1] INFO:NumericIntegration -- RooRealIntegral::init(signal_Int[x]) using numeric integrator RooIntegrator1D to calculate Int(x)
[#1] INFO:NumericIntegration -- RooRealIntegral::init(signal_Int[x|fit_nll_signal_signalHistogram]_Norm[x]) using numeric integrator RooIntegrator1D to calculate Int(x)
[#1] INFO:ObjectHandling -- RooWorkspace::import(HbbHbb) importing ExpGaussExp::signal_fixed
[#1] INFO:ObjectHandling -- RooWorkspace::import(HbbHbb) importing RooRealVar::x
[#1] INFO:ObjectHandling -- RooWorkspace::import(HbbHbb) importing RooRealVar::signal_p0
[#1] INFO:ObjectHandling -- RooWorkspace::import(HbbHbb) importing RooRealVar::signal_p1
[#1] INFO:ObjectHandling -- RooWorkspace::import(HbbHbb) importing RooRealVar::signal_p2
[#1] INFO:ObjectHandling -- RooWorkspace::import(HbbHbb) importing RooRealVar::signal_p3
 asd 
 asd 
 asd 
[#1] INFO:DataHandling -- RooDataHist::adjustBinning(signalHistogram): fit range of variable x expanded to nearest bin boundaries: [690,1130] --> [690,1130]
[#0] WARNING:InputArguments -- RooAbsPdf::fitTo(signal) WARNING: a likelihood fit is request of what appears to be weighted data. 
       While the estimated values of the parameters will always be calculated taking the weights into account, 
       there are multiple ways to estimate the errors on these parameter values. You are advised to make an 
       explicit choice on the error calculation: 
           - Either provide SumW2Error(kTRUE), to calculate a sum-of-weights corrected HESSE error matrix 
             (error will be proportional to the number of events)
           - Or provide SumW2Error(kFALSE), to return errors from original HESSE error matrix
             (which will be proportional to the sum of the weights)
       If you want the errors to reflect the information contained in the provided dataset, choose kTRUE. 
       If you want the errors to reflect the precision you would be able to obtain with an unweighted dataset 
       with 'sum-of-weights' events, choose kFALSE.
[#1] INFO:Eval -- RooRealVar::setRange(x) new range named 'fit' created with bounds [790,1030]
[#1] INFO:Fitting -- RooAbsOptTestStatistic::ctor(nll_signal_signalHistogram) constructing test statistic for sub-range named fit
[#1] INFO:Eval -- RooRealVar::setRange(x) new range named 'NormalizationRangeForfit' created with bounds [690,1130]
[#1] INFO:Eval -- RooRealVar::setRange(x) new range named 'fit_nll_signal_signalHistogram' created with bounds [790,1030]
[#1] INFO:Fitting -- RooAbsOptTestStatistic::ctor(nll_signal_signalHistogram) fixing interpretation of coefficients of any RooAddPdf to full domain of observables 
[#1] INFO:NumericIntegration -- RooRealIntegral::init(signal_Int[x]) using numeric integrator RooIntegrator1D to calculate Int(x)
[#1] INFO:Minization -- RooMinuit::optimizeConst: activating const optimization
 **********
 **   13 **MIGRAD        2000           1
 **********
 FIRST CALL TO USER FUNCTION AT NEW START POINT, WITH IFLAG=4.
 START MIGRAD MINIMIZATION.  STRATEGY  1.  CONVERGENCE WHEN EDM .LT. 1.00e-03
 FCN=444.279 FROM MIGRAD    STATUS=INITIATE       58 CALLS          59 TOTAL
                     EDM= unknown      STRATEGY= 1      NO ERROR MATRIX       
  EXT PARAMETER               CURRENT GUESS       STEP         FIRST   
  NO.   NAME      VALUE            ERROR          SIZE      DERIVATIVE 
   1  sg_p0        9.10000e+02   8.00000e+00   0.00000e+00   1.95986e+00
   2  sg_p1        2.75000e+01   1.50000e+00   0.00000e+00  -7.17691e-01
   3  sg_p2        6.70646e-01   5.00000e-01   0.00000e+00   2.91781e+00
   4  sg_p3        1.18033e+00   7.00000e-01  -7.24501e-01   3.29284e+00
                               ERR DEF= 0.5
 MIGRAD MINIMIZATION HAS CONVERGED.
 MIGRAD WILL VERIFY CONVERGENCE AND ERROR MATRIX.
 COVARIANCE MATRIX CALCULATED SUCCESSFULLY
 FCN=443.7 FROM MIGRAD    STATUS=CONVERGED     191 CALLS         192 TOTAL
                     EDM=1.68289e-05    STRATEGY= 1      ERROR MATRIX ACCURATE 
  EXT PARAMETER                                   STEP         FIRST   
  NO.   NAME      VALUE            ERROR          SIZE      DERIVATIVE 
   1  sg_p0        9.05175e+02   5.82720e+00   1.54224e-03  -2.94392e-02
   2  sg_p1        2.00000e+01   1.12565e+01   2.36787e-02** at limit **
   3  sg_p2        4.19832e-01   9.71688e-02   8.20942e-04   1.94696e-02
   4  sg_p3        7.84426e-01   1.75021e-01   9.96711e-04  -5.49361e-02
                               ERR DEF= 0.5
 EXTERNAL ERROR MATRIX.    NDIM=  25    NPAR=  4    ERR DEF=0.5
  3.420e+01  1.029e-03  3.162e-01 -4.789e-01 
  1.029e-03  1.123e-04  3.693e-05  4.731e-05 
  3.162e-01  3.693e-05  9.457e-03 -1.336e-03 
 -4.789e-01  4.731e-05 -1.336e-03  3.070e-02 
 PARAMETER  CORRELATION COEFFICIENTS  
       NO.  GLOBAL      1      2      3      4
        1  0.69993   1.000  0.017  0.556 -0.467
        2  0.04732   0.017  1.000  0.036  0.025
        3  0.59297   0.556  0.036  1.000 -0.078
        4  0.51652  -0.467  0.025 -0.078  1.000
 **********
 **   18 **HESSE        2000
 **********
 COVARIANCE MATRIX CALCULATED SUCCESSFULLY
 FCN=443.7 FROM HESSE     STATUS=OK             23 CALLS         215 TOTAL
                     EDM=1.66877e-05    STRATEGY= 1      ERROR MATRIX ACCURATE 
  EXT PARAMETER                                INTERNAL      INTERNAL  
  NO.   NAME      VALUE            ERROR       STEP SIZE       VALUE   
   1  sg_p0        9.05175e+02   5.82200e+00   3.08449e-04  -1.20917e-01
   2  sg_p1        2.00000e+01   1.12567e+01   4.73574e-03  -1.57170e+00
                                 WARNING -   - ABOVE PARAMETER IS AT LIMIT.
   3  sg_p2        4.19832e-01   9.70936e-02   1.64188e-04  -9.82824e-01
   4  sg_p3        7.84426e-01   1.74860e-01   1.99342e-04  -8.88106e-01
                               ERR DEF= 0.5
 EXTERNAL ERROR MATRIX.    NDIM=  25    NPAR=  4    ERR DEF=0.5
  3.414e+01  1.375e-04  3.154e-01 -4.774e-01 
  1.375e-04  1.123e-04  4.948e-06  6.361e-06 
  3.154e-01  4.948e-06  9.443e-03 -1.327e-03 
 -4.774e-01  6.361e-06 -1.327e-03  3.064e-02 
 PARAMETER  CORRELATION COEFFICIENTS  
       NO.  GLOBAL      1      2      3      4
        1  0.69928   1.000  0.002  0.555 -0.467
        2  0.00635   0.002  1.000  0.005  0.003
        3  0.59212   0.555  0.005  1.000 -0.078
        4  0.51521  -0.467  0.003 -0.078  1.000
[#1] INFO:Minization -- RooMinuit::optimizeConst: deactivating const optimization
900
905.175 +- 5.822
20 +- 11.2567
[#1] INFO:InputArguments -- RooAbsData::plotOn(signalHistogram) INFO: dataset has non-integer weights, auto-selecting SumW2 errors instead of Poisson errors
[#1] INFO:Plotting -- RooAbsPdf::plotOn(signal) p.d.f was fitted in range and no explicit plot,norm range was specified, using fit range as default
[#1] INFO:Plotting -- RooAbsPdf::plotOn(signal) only plotting range 'fit_nll_signal_signalHistogram'
[#1] INFO:Plotting -- RooAbsPdf::plotOn(signal) p.d.f. curve is normalized using explicit choice of ranges 'fit_nll_signal_signalHistogram'
[#1] INFO:NumericIntegration -- RooRealIntegral::init(signal_Int[x]) using numeric integrator RooIntegrator1D to calculate Int(x)
[#1] INFO:NumericIntegration -- RooRealIntegral::init(signal_Int[x|fit_nll_signal_signalHistogram]_Norm[x]) using numeric integrator RooIntegrator1D to calculate Int(x)
[#1] INFO:ObjectHandling -- RooWorkspace::import(HbbHbb) importing ExpGaussExp::signal_fixed
[#1] INFO:ObjectHandling -- RooWorkspace::import(HbbHbb) importing RooRealVar::x
[#1] INFO:ObjectHandling -- RooWorkspace::import(HbbHbb) importing RooRealVar::signal_p0
[#1] INFO:ObjectHandling -- RooWorkspace::import(HbbHbb) importing RooRealVar::signal_p1
[#1] INFO:ObjectHandling -- RooWorkspace::import(HbbHbb) importing RooRealVar::signal_p2
[#1] INFO:ObjectHandling -- RooWorkspace::import(HbbHbb) importing RooRealVar::signal_p3
